  Source2.cpp
C:\Users\user\Documents\GitHub\programming-bach-2020-autumn\2021.03.02-Homework-12\Task12\Source2.cpp(37,9): warning C4244: инициализация: преобразование "T2" в "int", возможна потеря данных
          with
          [
              T2=double
          ]
C:\Users\user\Documents\GitHub\programming-bach-2020-autumn\2021.03.02-Homework-12\Task12\Source2.cpp(91): message : выполняется компиляция ссылки на экземпляр шаблон функции "T1 rem<T1,T2>(T1,T2)"
          with
          [
              T1=double,
              T2=double
          ]
C:\Users\user\Documents\GitHub\programming-bach-2020-autumn\2021.03.02-Homework-12\Task12\Source2.cpp(132): message : выполняется компиляция ссылки на экземпляр шаблон функции "int temp<T8,T9>(T1,T2,char)"
          with
          [
              T8=double,
              T9=double,
              T1=double,
              T2=double
          ]
C:\Users\user\Documents\GitHub\programming-bach-2020-autumn\2021.03.02-Homework-12\Task12\Source2.cpp(141): message : выполняется компиляция ссылки на экземпляр шаблон функции "void input<char*,char*,char*,char*,char*,char*,char*,double,double>(T1 &,T2 &,T3 &,T4 &,T5 &,T6 &,T7 &,T8 &,T9 &,char)"
          with
          [
              T1=char *,
              T2=char *,
              T3=char *,
              T4=char *,
              T5=char *,
              T6=char *,
              T7=char *,
              T8=double,
              T9=double
          ]
C:\Users\user\Documents\GitHub\programming-bach-2020-autumn\2021.03.02-Homework-12\Task12\Source2.cpp(38,9): warning C4244: =: преобразование "T1" в "int", возможна потеря данных
          with
          [
              T1=double
          ]
  Task12.vcxproj -> C:\Users\user\Documents\GitHub\programming-bach-2020-autumn\2021.03.02-Homework-12\x64\Debug\Task12.exe
